JOB START DT : '2018-10-30 05:06:38' | SCRIPT NAME : SCH1101.SH | JOB : JB_BOOKINGS_TIER | SRC COUNT : 0 | TGT COUNT : 0 | JOB END DT : '2018-10-30 05:06:40' | STATUS : [Error] Failed
JOB START DT : '2018-10-30 05:06:38' | SCRIPT NAME : SCH1101.SH | JOB : JB_BOOKINGS_TIER | SRC COUNT : 0 | TGT COUNT : 0 | JOB END DT : '2018-10-30 05:06:40' | STATUS : 
 __main__ JB_BOOKINGS_TIER --> Exception-Traceback :: name 'db_prop_key_extract' is not defined
JOB START DT : '2018-10-30 05:07:24' | SCRIPT NAME : SCH1101.SH | JOB : JB_BOOKINGS_TIER | SRC COUNT : 0 | TGT COUNT : 0 | JOB END DT : '2018-10-30 05:07:26' | STATUS : [Error] Failed
JOB START DT : '2018-10-30 05:07:24' | SCRIPT NAME : SCH1101.SH | JOB : JB_BOOKINGS_TIER | SRC COUNT : 0 | TGT COUNT : 0 | JOB END DT : '2018-10-30 05:07:26' | STATUS : 
 __main__ JB_BOOKINGS_TIER --> Exception-Traceback :: 'EBI_EDW_04_DBNAME'
JOB START DT : '2018-10-30 05:08:30' | SCRIPT NAME : SCH1101.SH | JOB : JB_BOOKINGS_TIER | SRC COUNT : 0 | TGT COUNT : 0 | JOB END DT : '2018-10-30 05:08:37' | STATUS : [Error] Failed
JOB START DT : '2018-10-30 05:08:30' | SCRIPT NAME : SCH1101.SH | JOB : JB_BOOKINGS_TIER | SRC COUNT : 0 | TGT COUNT : 0 | JOB END DT : '2018-10-30 05:08:37' | STATUS : 
 __main__ JB_BOOKINGS_TIER --> Exception-Traceback :: ORA-01747: invalid user.table.column, table.column, or column specification
JOB START DT : '2018-10-30 05:14:42' | SCRIPT NAME : SCH1101.SH | JOB : JB_BOOKINGS_TIER | SRC COUNT : 0 | TGT COUNT : 0 | JOB END DT : '2018-10-30 05:14:44' | STATUS : [Error] Failed
JOB START DT : '2018-10-30 05:14:42' | SCRIPT NAME : SCH1101.SH | JOB : JB_BOOKINGS_TIER | SRC COUNT : 0 | TGT COUNT : 0 | JOB END DT : '2018-10-30 05:14:44' | STATUS : 
 __main__ JB_BOOKINGS_TIER --> Exception-Traceback :: get_v_fiscal_quarter() missing 1 required positional argument: 'db_prop_key'
JOB START DT : '2018-10-30 05:21:40' | SCRIPT NAME : SCH1101.SH | JOB : JB_BOOKINGS_TIER | SRC COUNT : 0 | TGT COUNT : 0 | JOB END DT : '2018-10-30 05:21:42' | STATUS : [Error] Failed
JOB START DT : '2018-10-30 05:21:40' | SCRIPT NAME : SCH1101.SH | JOB : JB_BOOKINGS_TIER | SRC COUNT : 0 | TGT COUNT : 0 | JOB END DT : '2018-10-30 05:21:42' | STATUS : 
 __main__ JB_BOOKINGS_TIER --> Exception-Traceback :: get_v_fiscal_quarter() missing 1 required positional argument: 'db_prop_key'
JOB START DT : '2018-10-30 05:22:43' | SCRIPT NAME : SCH1101.SH | JOB : JB_BOOKINGS_TIER | SRC COUNT : 0 | TGT COUNT : 0 | JOB END DT : '2018-10-30 05:22:45' | STATUS : [Error] Failed
JOB START DT : '2018-10-30 05:22:43' | SCRIPT NAME : SCH1101.SH | JOB : JB_BOOKINGS_TIER | SRC COUNT : 0 | TGT COUNT : 0 | JOB END DT : '2018-10-30 05:22:45' | STATUS : 
 __main__ JB_BOOKINGS_TIER --> Exception-Traceback :: get_v_fiscal_quarter() missing 1 required positional argument: 'db_prop_key'
JOB START DT : '2018-10-30 05:23:42' | SCRIPT NAME : SCH1101.SH | JOB : JB_BOOKINGS_TIER | SRC COUNT : 0 | TGT COUNT : 0 | JOB END DT : '2018-10-30 05:23:50' | STATUS : [Error] Failed
JOB START DT : '2018-10-30 05:23:42' | SCRIPT NAME : SCH1101.SH | JOB : JB_BOOKINGS_TIER | SRC COUNT : 0 | TGT COUNT : 0 | JOB END DT : '2018-10-30 05:23:50' | STATUS : 
 __main__ JB_BOOKINGS_TIER --> Exception-Traceback :: ORA-01747: invalid user.table.column, table.column, or column specification
JOB START DT : '2018-10-30 05:25:08' | SCRIPT NAME : SCH1101.SH | JOB : JB_BOOKINGS_TIER | SRC COUNT : 0 | TGT COUNT : 0 | JOB END DT : '2018-10-30 05:25:15' | STATUS : [Error] Failed
JOB START DT : '2018-10-30 05:25:08' | SCRIPT NAME : SCH1101.SH | JOB : JB_BOOKINGS_TIER | SRC COUNT : 0 | TGT COUNT : 0 | JOB END DT : '2018-10-30 05:25:15' | STATUS : 
 __main__ JB_BOOKINGS_TIER --> Exception-Traceback :: name 'query' is not defined
JOB START DT : '2018-10-30 05:43:20' | SCRIPT NAME : SCH1101.SH | JOB : JB_BOOKINGS_TIER | SRC COUNT : 0 | TGT COUNT : 0 | JOB END DT : '2018-10-30 05:43:27' | STATUS : [Error] Failed
JOB START DT : '2018-10-30 05:43:20' | SCRIPT NAME : SCH1101.SH | JOB : JB_BOOKINGS_TIER | SRC COUNT : 0 | TGT COUNT : 0 | JOB END DT : '2018-10-30 05:43:27' | STATUS : 
 __main__ JB_BOOKINGS_TIER --> Exception-Traceback :: name 'query' is not defined
JOB START DT : '2018-10-30 05:45:11' | SCRIPT NAME : SCH1101.SH | JOB : JB_BOOKINGS_TIER | SRC COUNT : 0 | TGT COUNT : 0 | JOB END DT : '2018-10-30 05:45:18' | STATUS : [Error] Failed
JOB START DT : '2018-10-30 05:45:11' | SCRIPT NAME : SCH1101.SH | JOB : JB_BOOKINGS_TIER | SRC COUNT : 0 | TGT COUNT : 0 | JOB END DT : '2018-10-30 05:45:18' | STATUS : 
 __main__ JB_BOOKINGS_TIER --> Exception-Traceback :: name 'query' is not defined
JOB START DT : '2018-10-30 05:45:44' | SCRIPT NAME : SCH1101.SH | JOB : JB_BOOKINGS_TIER | SRC COUNT : 0 | TGT COUNT : 0 | JOB END DT : '2018-10-30 05:45:51' | STATUS : [Error] Failed
JOB START DT : '2018-10-30 05:45:44' | SCRIPT NAME : SCH1101.SH | JOB : JB_BOOKINGS_TIER | SRC COUNT : 0 | TGT COUNT : 0 | JOB END DT : '2018-10-30 05:45:51' | STATUS : 
 __main__ JB_BOOKINGS_TIER --> Exception-Traceback :: ORA-01747: invalid user.table.column, table.column, or column specification
JOB START DT : '2018-10-30 07:18:51' | SCRIPT NAME : SCH1101.SH | JOB : JB_BOOKINGS_TIER | SRC COUNT : 0 | TGT COUNT : 0 | JOB END DT : '2018-10-30 07:41:25' | STATUS : Success
