JOB START DT : '2018-10-29 16:59:46' | SCRIPT NAME : SCH1101.SH | JOB : JB_WORK_TO_BOOKINGS | SRC COUNT : 0 | TGT COUNT : 0 | JOB END DT : '2018-10-29 17:00:10' | STATUS : [Error] Failed
JOB START DT : '2018-10-29 16:59:46' | SCRIPT NAME : SCH1101.SH | JOB : JB_WORK_TO_BOOKINGS | SRC COUNT : 0 | TGT COUNT : 0 | JOB END DT : '2018-10-29 17:00:10' | STATUS : 
 __main__ JB_WORK_TO_BOOKINGS --> Exception-Traceback :: ORA-01722: invalid number
JOB START DT : '2018-10-29 17:07:31' | SCRIPT NAME : SCH1101.SH | JOB : JB_WORK_TO_BOOKINGS | SRC COUNT : 0 | TGT COUNT : 0 | JOB END DT : '2018-10-29 17:07:36' | STATUS : [Error] Failed
JOB START DT : '2018-10-29 17:07:31' | SCRIPT NAME : SCH1101.SH | JOB : JB_WORK_TO_BOOKINGS | SRC COUNT : 0 | TGT COUNT : 0 | JOB END DT : '2018-10-29 17:07:36' | STATUS : 
 __main__ JB_WORK_TO_BOOKINGS --> Exception-Traceback :: ORA-01722: invalid number
JOB START DT : '2018-10-29 17:14:37' | SCRIPT NAME : SCH1101.SH | JOB : JB_WORK_TO_BOOKINGS | SRC COUNT : 0 | TGT COUNT : 0 | JOB END DT : '2018-10-29 17:14:39' | STATUS : [Error] Failed
JOB START DT : '2018-10-29 17:14:37' | SCRIPT NAME : SCH1101.SH | JOB : JB_WORK_TO_BOOKINGS | SRC COUNT : 0 | TGT COUNT : 0 | JOB END DT : '2018-10-29 17:14:39' | STATUS : 
 __main__ JB_WORK_TO_BOOKINGS --> Exception-Traceback :: name 'db_schema' is not defined
JOB START DT : '2018-10-29 17:15:09' | SCRIPT NAME : SCH1101.SH | JOB : JB_WORK_TO_BOOKINGS | SRC COUNT : 0 | TGT COUNT : 0 | JOB END DT : '2018-10-29 17:15:27' | STATUS : [Error] Failed
JOB START DT : '2018-10-29 17:15:09' | SCRIPT NAME : SCH1101.SH | JOB : JB_WORK_TO_BOOKINGS | SRC COUNT : 0 | TGT COUNT : 0 | JOB END DT : '2018-10-29 17:15:27' | STATUS : 
 __main__ JB_WORK_TO_BOOKINGS --> Exception-Traceback :: ORA-01722: invalid number
JOB START DT : '2018-10-29 17:41:23' | SCRIPT NAME : SCH1101.SH | JOB : JB_WORK_TO_BOOKINGS | SRC COUNT : 0 | TGT COUNT : 0 | JOB END DT : '2018-10-29 17:41:26' | STATUS : [Error] Failed
JOB START DT : '2018-10-29 17:41:23' | SCRIPT NAME : SCH1101.SH | JOB : JB_WORK_TO_BOOKINGS | SRC COUNT : 0 | TGT COUNT : 0 | JOB END DT : '2018-10-29 17:41:26' | STATUS : 
 __main__ JB_WORK_TO_BOOKINGS --> Exception-Traceback :: ORA-00947: not enough values
JOB START DT : '2018-10-29 17:43:50' | SCRIPT NAME : SCH1101.SH | JOB : JB_WORK_TO_BOOKINGS | SRC COUNT : 0 | TGT COUNT : 0 | JOB END DT : '2018-10-29 17:43:53' | STATUS : [Error] Failed
JOB START DT : '2018-10-29 17:43:50' | SCRIPT NAME : SCH1101.SH | JOB : JB_WORK_TO_BOOKINGS | SRC COUNT : 0 | TGT COUNT : 0 | JOB END DT : '2018-10-29 17:43:53' | STATUS : 
 __main__ JB_WORK_TO_BOOKINGS --> Exception-Traceback :: ORA-00947: not enough values
JOB START DT : '2018-10-29 18:05:49' | SCRIPT NAME : SCH1101.SH | JOB : JB_WORK_TO_BOOKINGS | SRC COUNT : 0 | TGT COUNT : 0 | JOB END DT : '2018-10-29 18:05:52' | STATUS : [Error] Failed
JOB START DT : '2018-10-29 18:05:49' | SCRIPT NAME : SCH1101.SH | JOB : JB_WORK_TO_BOOKINGS | SRC COUNT : 0 | TGT COUNT : 0 | JOB END DT : '2018-10-29 18:05:52' | STATUS : 
 __main__ JB_WORK_TO_BOOKINGS --> Exception-Traceback :: ORA-00942: table or view does not exist
JOB START DT : '2018-10-29 19:29:31' | SCRIPT NAME : SCH1101.SH | JOB : JB_WORK_TO_BOOKINGS | SRC COUNT : 0 | TGT COUNT : 0 | JOB END DT : '2018-10-29 19:29:38' | STATUS : [Error] Failed
JOB START DT : '2018-10-29 19:29:31' | SCRIPT NAME : SCH1101.SH | JOB : JB_WORK_TO_BOOKINGS | SRC COUNT : 0 | TGT COUNT : 0 | JOB END DT : '2018-10-29 19:29:38' | STATUS : 
 __main__ JB_WORK_TO_BOOKINGS --> Exception-Traceback :: ORA-01722: invalid number
