JOB START DT : '2018-10-30 03:03:56' | SCRIPT NAME : SCH1101.SH | JOB : JB_WORK_TO_BOOKINGS | SRC COUNT : 0 | TGT COUNT : 0 | JOB END DT : '2018-10-30 03:04:21' | STATUS : [Error] Failed
JOB START DT : '2018-10-30 03:03:56' | SCRIPT NAME : SCH1101.SH | JOB : JB_WORK_TO_BOOKINGS | SRC COUNT : 0 | TGT COUNT : 0 | JOB END DT : '2018-10-30 03:04:21' | STATUS : 
 __main__ JB_WORK_TO_BOOKINGS --> Exception-Traceback :: ORA-01722: invalid number
JOB START DT : '2018-10-30 03:28:12' | SCRIPT NAME : SCH1101.SH | JOB : JB_WORK_TO_BOOKINGS | SRC COUNT : 0 | TGT COUNT : 0 | JOB END DT : '2018-10-30 03:28:14' | STATUS : [Error] Failed
JOB START DT : '2018-10-30 03:28:12' | SCRIPT NAME : SCH1101.SH | JOB : JB_WORK_TO_BOOKINGS | SRC COUNT : 0 | TGT COUNT : 0 | JOB END DT : '2018-10-30 03:28:14' | STATUS : 
 __main__ JB_WORK_TO_BOOKINGS --> Exception-Traceback :: ORA-00917: missing comma
JOB START DT : '2018-10-30 03:29:22' | SCRIPT NAME : SCH1101.SH | JOB : JB_WORK_TO_BOOKINGS | SRC COUNT : 0 | TGT COUNT : 0 | JOB END DT : '2018-10-30 03:29:24' | STATUS : [Error] Failed
JOB START DT : '2018-10-30 03:29:22' | SCRIPT NAME : SCH1101.SH | JOB : JB_WORK_TO_BOOKINGS | SRC COUNT : 0 | TGT COUNT : 0 | JOB END DT : '2018-10-30 03:29:24' | STATUS : 
 __main__ JB_WORK_TO_BOOKINGS --> Exception-Traceback :: ORA-00917: missing comma
JOB START DT : '2018-10-30 03:32:22' | SCRIPT NAME : SCH1101.SH | JOB : JB_WORK_TO_BOOKINGS | SRC COUNT : 0 | TGT COUNT : 0 | JOB END DT : '2018-10-30 03:32:24' | STATUS : [Error] Failed
JOB START DT : '2018-10-30 03:32:22' | SCRIPT NAME : SCH1101.SH | JOB : JB_WORK_TO_BOOKINGS | SRC COUNT : 0 | TGT COUNT : 0 | JOB END DT : '2018-10-30 03:32:24' | STATUS : 
 __main__ JB_WORK_TO_BOOKINGS --> Exception-Traceback :: ORA-00917: missing comma
JOB START DT : '2018-10-30 03:34:16' | SCRIPT NAME : SCH1101.SH | JOB : JB_WORK_TO_BOOKINGS | SRC COUNT : 0 | TGT COUNT : 0 | JOB END DT : '2018-10-30 03:34:21' | STATUS : [Error] Failed
JOB START DT : '2018-10-30 03:34:16' | SCRIPT NAME : SCH1101.SH | JOB : JB_WORK_TO_BOOKINGS | SRC COUNT : 0 | TGT COUNT : 0 | JOB END DT : '2018-10-30 03:34:21' | STATUS : 
 __main__ JB_WORK_TO_BOOKINGS --> Exception-Traceback :: ORA-01722: invalid number
JOB START DT : '2018-10-30 03:37:00' | SCRIPT NAME : SCH1101.SH | JOB : JB_WORK_TO_BOOKINGS | SRC COUNT : 0 | TGT COUNT : 0 | JOB END DT : '2018-10-30 03:37:03' | STATUS : [Error] Failed
JOB START DT : '2018-10-30 03:37:00' | SCRIPT NAME : SCH1101.SH | JOB : JB_WORK_TO_BOOKINGS | SRC COUNT : 0 | TGT COUNT : 0 | JOB END DT : '2018-10-30 03:37:03' | STATUS : 
 __main__ JB_WORK_TO_BOOKINGS --> Exception-Traceback :: ORA-00917: missing comma
JOB START DT : '2018-10-30 03:52:59' | SCRIPT NAME : SCH1101.SH | JOB : JB_WORK_TO_BOOKINGS | SRC COUNT : 0 | TGT COUNT : 0 | JOB END DT : '2018-10-30 03:53:04' | STATUS : [Error] Failed
JOB START DT : '2018-10-30 03:52:59' | SCRIPT NAME : SCH1101.SH | JOB : JB_WORK_TO_BOOKINGS | SRC COUNT : 0 | TGT COUNT : 0 | JOB END DT : '2018-10-30 03:53:04' | STATUS : 
 __main__ JB_WORK_TO_BOOKINGS --> Exception-Traceback :: ORA-01722: invalid number
JOB START DT : '2018-10-30 07:08:03' | SCRIPT NAME : SCH1101.SH | JOB : JB_WORK_TO_BOOKINGS | SRC COUNT : 0 | TGT COUNT : 0 | JOB END DT : '2018-10-30 07:08:10' | STATUS : [Error] Failed
JOB START DT : '2018-10-30 07:08:03' | SCRIPT NAME : SCH1101.SH | JOB : JB_WORK_TO_BOOKINGS | SRC COUNT : 0 | TGT COUNT : 0 | JOB END DT : '2018-10-30 07:08:10' | STATUS : 
 __main__ JB_WORK_TO_BOOKINGS --> Exception-Traceback :: ORA-01722: invalid number
JOB START DT : '2018-10-30 07:14:17' | SCRIPT NAME : SCH1101.SH | JOB : JB_WORK_TO_BOOKINGS | SRC COUNT : 0 | TGT COUNT : 0 | JOB END DT : '2018-10-30 07:14:58' | STATUS : Success
JOB START DT : '2018-10-30 08:07:13' | SCRIPT NAME : SCH1101.SH | JOB : JB_WORK_TO_BOOKINGS | SRC COUNT : 0 | TGT COUNT : 0 | JOB END DT : '2018-10-30 08:07:18' | STATUS : [Error] Failed
JOB START DT : '2018-10-30 08:07:13' | SCRIPT NAME : SCH1101.SH | JOB : JB_WORK_TO_BOOKINGS | SRC COUNT : 0 | TGT COUNT : 0 | JOB END DT : '2018-10-30 08:07:18' | STATUS : 
 __main__ JB_WORK_TO_BOOKINGS --> Exception-Traceback :: ORA-01722: invalid number
JOB START DT : '2018-10-30 08:09:42' | SCRIPT NAME : SCH1101.SH | JOB : JB_WORK_TO_BOOKINGS | SRC COUNT : 0 | TGT COUNT : 0 | JOB END DT : '2018-10-30 08:10:46' | STATUS : Success
