JOB START DT : '2018-10-24 05:36:51' | SCRIPT NAME : SCH1106.SH | JOB : JB_WORK_TO_EDW_INVOICE | SRC COUNT : 0 | TGT COUNT : 0 | JOB END DT : '2018-10-24 05:36:53' | STATUS : [Error] Failed
JOB START DT : '2018-10-24 05:36:51' | SCRIPT NAME : SCH1106.SH | JOB : JB_WORK_TO_EDW_INVOICE | SRC COUNT : 0 | TGT COUNT : 0 | JOB END DT : '2018-10-24 05:36:53' | STATUS : 
 __main__ JB_WORK_TO_EDW_INVOICE --> Exception-Traceback :: ORA-00907: missing right parenthesis
JOB START DT : '2018-10-24 05:37:46' | SCRIPT NAME : SCH1106.SH | JOB : JB_WORK_TO_EDW_INVOICE | SRC COUNT : 0 | TGT COUNT : 0 | JOB END DT : '2018-10-24 05:37:50' | STATUS : [Error] Failed
JOB START DT : '2018-10-24 05:37:46' | SCRIPT NAME : SCH1106.SH | JOB : JB_WORK_TO_EDW_INVOICE | SRC COUNT : 0 | TGT COUNT : 0 | JOB END DT : '2018-10-24 05:37:50' | STATUS : 
 __main__ JB_WORK_TO_EDW_INVOICE --> Exception-Traceback :: ORA-00932: inconsistent datatypes: expected DATE got NUMBER
JOB START DT : '2018-10-24 05:39:14' | SCRIPT NAME : SCH1106.SH | JOB : JB_WORK_TO_EDW_INVOICE | SRC COUNT : 0 | TGT COUNT : 0 | JOB END DT : '2018-10-24 05:39:17' | STATUS : [Error] Failed
JOB START DT : '2018-10-24 05:39:14' | SCRIPT NAME : SCH1106.SH | JOB : JB_WORK_TO_EDW_INVOICE | SRC COUNT : 0 | TGT COUNT : 0 | JOB END DT : '2018-10-24 05:39:17' | STATUS : 
 __main__ JB_WORK_TO_EDW_INVOICE --> Exception-Traceback :: ORA-00932: inconsistent datatypes: expected TIMESTAMP got NUMBER
JOB START DT : '2018-10-24 05:42:14' | SCRIPT NAME : SCH1106.SH | JOB : JB_WORK_TO_EDW_INVOICE | SRC COUNT : 0 | TGT COUNT : 0 | JOB END DT : '2018-10-24 05:42:17' | STATUS : [Error] Failed
JOB START DT : '2018-10-24 05:42:14' | SCRIPT NAME : SCH1106.SH | JOB : JB_WORK_TO_EDW_INVOICE | SRC COUNT : 0 | TGT COUNT : 0 | JOB END DT : '2018-10-24 05:42:17' | STATUS : 
 __main__ JB_WORK_TO_EDW_INVOICE --> Exception-Traceback :: ORA-00932: inconsistent datatypes: expected DATE got NUMBER
JOB START DT : '2018-10-24 05:43:17' | SCRIPT NAME : SCH1106.SH | JOB : JB_WORK_TO_EDW_INVOICE | SRC COUNT : 0 | TGT COUNT : 0 | JOB END DT : '2018-10-24 05:43:20' | STATUS : [Error] Failed
JOB START DT : '2018-10-24 05:43:17' | SCRIPT NAME : SCH1106.SH | JOB : JB_WORK_TO_EDW_INVOICE | SRC COUNT : 0 | TGT COUNT : 0 | JOB END DT : '2018-10-24 05:43:20' | STATUS : 
 __main__ JB_WORK_TO_EDW_INVOICE --> Exception-Traceback :: ORA-00932: inconsistent datatypes: expected DATE got NUMBER
JOB START DT : '2018-10-24 05:44:22' | SCRIPT NAME : SCH1106.SH | JOB : JB_WORK_TO_EDW_INVOICE | SRC COUNT : 0 | TGT COUNT : 0 | JOB END DT : '2018-10-24 05:44:24' | STATUS : [Error] Failed
JOB START DT : '2018-10-24 05:44:22' | SCRIPT NAME : SCH1106.SH | JOB : JB_WORK_TO_EDW_INVOICE | SRC COUNT : 0 | TGT COUNT : 0 | JOB END DT : '2018-10-24 05:44:24' | STATUS : 
 __main__ JB_WORK_TO_EDW_INVOICE --> Exception-Traceback :: ORA-00932: inconsistent datatypes: expected DATE got NUMBER
JOB START DT : '2018-10-24 05:45:37' | SCRIPT NAME : SCH1106.SH | JOB : JB_WORK_TO_EDW_INVOICE | SRC COUNT : 0 | TGT COUNT : 0 | JOB END DT : '2018-10-24 05:45:39' | STATUS : [Error] Failed
JOB START DT : '2018-10-24 05:45:37' | SCRIPT NAME : SCH1106.SH | JOB : JB_WORK_TO_EDW_INVOICE | SRC COUNT : 0 | TGT COUNT : 0 | JOB END DT : '2018-10-24 05:45:39' | STATUS : 
 __main__ JB_WORK_TO_EDW_INVOICE --> Exception-Traceback :: ORA-00932: inconsistent datatypes: expected DATE got NUMBER
JOB START DT : '2018-10-24 05:47:02' | SCRIPT NAME : SCH1106.SH | JOB : JB_WORK_TO_EDW_INVOICE | SRC COUNT : 0 | TGT COUNT : 0 | JOB END DT : '2018-10-24 05:47:04' | STATUS : [Error] Failed
JOB START DT : '2018-10-24 05:47:02' | SCRIPT NAME : SCH1106.SH | JOB : JB_WORK_TO_EDW_INVOICE | SRC COUNT : 0 | TGT COUNT : 0 | JOB END DT : '2018-10-24 05:47:04' | STATUS : 
 __main__ JB_WORK_TO_EDW_INVOICE --> Exception-Traceback :: ORA-00932: inconsistent datatypes: expected TIMESTAMP got NUMBER
JOB START DT : '2018-10-24 05:47:29' | SCRIPT NAME : SCH1106.SH | JOB : JB_WORK_TO_EDW_INVOICE | SRC COUNT : 0 | TGT COUNT : 0 | JOB END DT : '2018-10-24 05:47:31' | STATUS : [Error] Failed
JOB START DT : '2018-10-24 05:47:29' | SCRIPT NAME : SCH1106.SH | JOB : JB_WORK_TO_EDW_INVOICE | SRC COUNT : 0 | TGT COUNT : 0 | JOB END DT : '2018-10-24 05:47:31' | STATUS : 
 __main__ JB_WORK_TO_EDW_INVOICE --> Exception-Traceback :: ORA-00932: inconsistent datatypes: expected DATE got NUMBER
JOB START DT : '2018-10-24 05:48:31' | SCRIPT NAME : SCH1106.SH | JOB : JB_WORK_TO_EDW_INVOICE | SRC COUNT : 0 | TGT COUNT : 0 | JOB END DT : '2018-10-24 05:48:34' | STATUS : [Error] Failed
JOB START DT : '2018-10-24 05:48:31' | SCRIPT NAME : SCH1106.SH | JOB : JB_WORK_TO_EDW_INVOICE | SRC COUNT : 0 | TGT COUNT : 0 | JOB END DT : '2018-10-24 05:48:34' | STATUS : 
 __main__ JB_WORK_TO_EDW_INVOICE --> Exception-Traceback :: ORA-00932: inconsistent datatypes: expected DATE got NUMBER
JOB START DT : '2018-10-24 05:49:27' | SCRIPT NAME : SCH1106.SH | JOB : JB_WORK_TO_EDW_INVOICE | SRC COUNT : 0 | TGT COUNT : 0 | JOB END DT : '2018-10-24 05:49:29' | STATUS : [Error] Failed
JOB START DT : '2018-10-24 05:49:27' | SCRIPT NAME : SCH1106.SH | JOB : JB_WORK_TO_EDW_INVOICE | SRC COUNT : 0 | TGT COUNT : 0 | JOB END DT : '2018-10-24 05:49:29' | STATUS : 
 __main__ JB_WORK_TO_EDW_INVOICE --> Exception-Traceback :: ORA-01741: illegal zero-length identifier
JOB START DT : '2018-10-24 05:49:51' | SCRIPT NAME : SCH1106.SH | JOB : JB_WORK_TO_EDW_INVOICE | SRC COUNT : 0 | TGT COUNT : 0 | JOB END DT : '2018-10-24 05:49:53' | STATUS : [Error] Failed
JOB START DT : '2018-10-24 05:49:51' | SCRIPT NAME : SCH1106.SH | JOB : JB_WORK_TO_EDW_INVOICE | SRC COUNT : 0 | TGT COUNT : 0 | JOB END DT : '2018-10-24 05:49:53' | STATUS : 
 __main__ JB_WORK_TO_EDW_INVOICE --> Exception-Traceback :: ORA-00932: inconsistent datatypes: expected DATE got NUMBER
JOB START DT : '2018-10-24 08:20:51' | SCRIPT NAME : SCH1100.SH | JOB : JB_WORK_TO_EDW_INVOICE | SRC COUNT : 0 | TGT COUNT : 0 | JOB END DT : '2018-10-24 08:20:54' | STATUS : [Error] Failed
JOB START DT : '2018-10-24 08:20:51' | SCRIPT NAME : SCH1100.SH | JOB : JB_WORK_TO_EDW_INVOICE | SRC COUNT : 0 | TGT COUNT : 0 | JOB END DT : '2018-10-24 08:20:54' | STATUS : 
 __main__ JB_WORK_TO_EDW_INVOICE --> Exception-Traceback :: ORA-00932: inconsistent datatypes: expected DATE got NUMBER
JOB START DT : '2018-10-24 08:21:13' | SCRIPT NAME : SCH1100.SH | JOB : JB_WORK_TO_EDW_INVOICE | SRC COUNT : 0 | TGT COUNT : 0 | JOB END DT : '2018-10-24 08:21:15' | STATUS : [Error] Failed
JOB START DT : '2018-10-24 08:21:13' | SCRIPT NAME : SCH1100.SH | JOB : JB_WORK_TO_EDW_INVOICE | SRC COUNT : 0 | TGT COUNT : 0 | JOB END DT : '2018-10-24 08:21:15' | STATUS : 
 __main__ JB_WORK_TO_EDW_INVOICE --> Exception-Traceback :: ORA-00932: inconsistent datatypes: expected DATE got NUMBER
JOB START DT : '2018-10-24 08:25:29' | SCRIPT NAME : SCH1100.SH | JOB : JB_WORK_TO_EDW_INVOICE | SRC COUNT : 0 | TGT COUNT : 0 | JOB END DT : '2018-10-24 08:25:55' | STATUS : Success
